<?xml version="1.0" encoding="UTF-8"?>
<!-- Generated by org.testng.reporters.JUnitReportReporter -->
<testsuite hostname="DELL-PC" failures="0" tests="1" name="JavawithTestNG.Demo5_parameters" time="0.021" errors="0" timestamp="2021-10-28T16:17:04 IST" skipped="0">
  <testcase classname="JavawithTestNG.Demo5_parameters" name="test" time="0.021"/>
  <system-out/>
</testsuite> <!-- JavawithTestNG.Demo5_parameters -->
