<?xml version="1.0" encoding="UTF-8"?>
<!-- Generated by org.testng.reporters.JUnitReportReporter -->
<testsuite hostname="DELL-PC" failures="0" tests="3" name="JavawithTestNG.Demo2_dependsOnMethod" time="0.028" errors="0" timestamp="2021-08-20T00:01:18 IST" skipped="0">
  <testcase classname="JavawithTestNG.Demo2_dependsOnMethod" name="dashboarrd" time="0.004"/>
  <system-out/>
  <testcase classname="JavawithTestNG.Demo2_dependsOnMethod" name="login" time="0.019"/>
  <system-out/>
  <testcase classname="JavawithTestNG.Demo2_dependsOnMethod" name="logout" time="0.005"/>
  <system-out/>
</testsuite> <!-- JavawithTestNG.Demo2_dependsOnMethod -->
