<?xml version="1.0" encoding="UTF-8"?>
<!-- Generated by org.testng.reporters.JUnitReportReporter -->
<testsuite hostname="DELL-PC" failures="0" tests="3" name="JavawithTestNG.Demo3_priority" time="0.022" errors="0" timestamp="2021-08-20T00:10:07 IST" skipped="1">
  <testcase classname="JavawithTestNG.Demo3_priority" name="Test2" time="0.017"/>
  <system-out/>
  <testcase classname="JavawithTestNG.Demo3_priority" name="Test3" time="0.005"/>
  <system-out/>
  <testcase classname="JavawithTestNG.Demo3_priority" name="Test1">
    <skipped/>
  </testcase> <!-- Test1 -->
  <system-out/>
</testsuite> <!-- JavawithTestNG.Demo3_priority -->
