<?xml version="1.0" encoding="UTF-8"?>
<!-- Generated by org.testng.reporters.JUnitReportReporter -->
<testsuite hostname="DELL-PC" failures="0" tests="1" name="JavawithTestNG.NewTest" time="0.014" errors="0" timestamp="2021-08-19T22:58:25 IST" skipped="0">
  <testcase classname="JavawithTestNG.NewTest" name="f" time="0.014"/>
  <system-out/>
</testsuite> <!-- JavawithTestNG.NewTest -->
