<?xml version="1.0" encoding="UTF-8"?>
<!-- Generated by org.testng.reporters.JUnitReportReporter -->
<testsuite hostname="DELL-PC" failures="0" tests="3" name="JavawithTestNG.Demo1_DataProvider" time="0.026" errors="0" timestamp="2021-08-19T23:41:09 IST" skipped="0">
  <testcase classname="JavawithTestNG.Demo1_DataProvider" name="dataprovider" time="0.002"/>
  <system-out/>
  <testcase classname="JavawithTestNG.Demo1_DataProvider" name="dataprovider" time="0.002"/>
  <system-out/>
  <testcase classname="JavawithTestNG.Demo1_DataProvider" name="dataprovider" time="0.022"/>
  <system-out/>
</testsuite> <!-- JavawithTestNG.Demo1_DataProvider -->
