<?xml version="1.0" encoding="UTF-8"?>
<!-- Generated by org.testng.reporters.JUnitReportReporter -->
<testsuite hostname="DELL-PC" failures="0" tests="1" name="config.TestwithProperties" time="8.934" errors="0" timestamp="2022-07-07T22:33:49 IST" skipped="0">
  <testcase classname="config.TestwithProperties" name="test" time="8.934"/>
  <system-out/>
</testsuite> <!-- config.TestwithProperties -->
